#
# A fatal error has been detected by the Java Runtime Environment:
#
#  SIGSEGV (0xb) at pc=0x0000000109447fcb, pid=50807, tid=0x0000000000012807
#
# JRE version: Java(TM) SE Runtime Environment (8.0_231-b11) (build 1.8.0_231-b11)
# Java VM: Java HotSpot(TM) 64-Bit Server VM (25.231-b11 mixed mode bsd-amd64 compressed oops)
# Problematic frame:
# C  [libawt_lwawt.dylib+0x1cfcb]  OGLSD_SetScratchSurface+0x49
#
# Failed to write core dump. Core dumps have been disabled. To enable core dumping, try "ulimit -c unlimited" before starting Java again
#
# If you would like to submit a bug report, please visit:
#   http://bugreport.java.com/bugreport/crash.jsp
# The crash happened outside the Java Virtual Machine in native code.
# See problematic frame for where to report the bug.
#

---------------  T H R E A D  ---------------

Current thread (0x00007fef37055000):  JavaThread "Java2D Queue Flusher" daemon [_thread_in_native, id=75783, stack(0x00007000049f6000,0x0000700004af6000)]

siginfo: si_signo: 11 (SIGSEGV), si_code: 1 (SEGV_MAPERR), si_addr: 0x0000000000000002

Registers:
RAX=0x000000010946956a, RBX=0x0000000000000002, RCX=0x0000000000000047, RDX=0x0000000109469ab4
RSP=0x0000700004af58d0, RBP=0x0000700004af58f0, RSI=0x00007fef3af52ab0, RDI=0x00007fef370551f8
R8 =0x0000000000000020, R9 =0x0000000000000000, R10=0x000000010c57f3b8, R11=0x00000000f60536c9
R12=0x0000000000000000, R13=0x00000007b029b360, R14=0x00007fef370551f8, R15=0x00007fef37055000
RIP=0x0000000109447fcb, EFLAGS=0x0000000000010202, ERR=0x0000000000000004
  TRAPNO=0x000000000000000e

Top of Stack: (sp=0x0000700004af58d0)
0x0000700004af58d0:   00007fef3af52ab0 0000000000000000
0x0000700004af58e0:   00007fef3704d010 00007fef37055000
0x0000700004af58f0:   0000700004af5970 0000000109469592
0x0000700004af5900:   0000000000000064 00007fef3662d188
0x0000700004af5910:   0000700004af5970 00000001053525b4
0x0000700004af5920:   0000000000000005 00007fef37055000
0x0000700004af5930:   00000007b029b301 00007fef3704d020
0x0000700004af5940:   0000700000af5900 00007fef370551f8
0x0000700004af5950:   0000000000000000 0000000000000000
0x0000700004af5960:   0000700004af59c8 00007fef37055000
0x0000700004af5970:   0000700004af59c0 000000010c57f42a
0x0000700004af5980:   00000007b029b630 0000000100000001
0x0000700004af5990:   0000000107477c28 0000000000000000
0x0000700004af59a0:   0000000107477b48 0000000000000000
0x0000700004af59b0:   0000700004af59d0 0000000000000000
0x0000700004af59c0:   00000000f60536c6 000000010c044c9c
0x0000700004af59d0:   00000007b029b630 00000007b029b360
0x0000700004af59e0:   0000000000000000 0000000000000000
0x0000700004af59f0:   00000007b029b360 0000700004af5a90
0x0000700004af5a00:   0000000000000001 0000000000000000
0x0000700004af5a10:   0000700004af5a90 000000010bbe37a7
0x0000700004af5a20:   00000007b029b360 00000007b02c8310
0x0000700004af5a30:   0000700000001fa0 000000000000000a
0x0000700004af5a40:   00007fef37055000 0000000000000001
0x0000700004af5a50:   000000010bbe371f 00000001073c2f48
0x0000700004af5a60:   0000700004af5b28 0000700004af5dc0
0x0000700004af5a70:   000000010000000a 00000001073c2f48
0x0000700004af5a80:   000000010bbf6ae0 0000700004af5d30
0x0000700004af5a90:   0000700004af5c40 00000001052f0792
0x0000700004af5aa0:   0000700000000001 00007fef37055000
0x0000700004af5ab0:   00007fef37055000 0000700004af5dc0
0x0000700004af5ac0:   00007fef3662d180 000000010bbf6ae0 

Instructions: (pc=0x0000000109447fcb)
0x0000000109447fab:   c0 e9 82 00 00 00 48 8b 5e 10 48 85 db 75 0e bf
0x0000000109447fbb:   01 00 00 00 48 8d 15 c7 96 03 00 eb d6 49 89 fe
0x0000000109447fcb:   4c 8b 3b 30 c0 e8 fb bc 02 00 49 8b 3f 49 89 c4
0x0000000109447fdb:   48 8b 35 7e 29 06 00 30 c0 e8 49 be 02 00 48 85 

Register to memory mapping:

RAX=0x000000010946956a: Java_sun_java2d_opengl_OGLRenderQueue_flushBuffer+0x612 in /Library/Java/JavaVirtualMachines/jdk1.8.0_231.jdk/Contents/Home/jre/lib/libawt_lwawt.dylib at 0x000000010942b000
RBX=0x0000000000000002 is an unknown value
RCX=0x0000000000000047 is an unknown value
RDX=0x0000000109469ab4: Java_sun_java2d_opengl_OGLRenderQueue_flushBuffer+0xb5c in /Library/Java/JavaVirtualMachines/jdk1.8.0_231.jdk/Contents/Home/jre/lib/libawt_lwawt.dylib at 0x000000010942b000
RSP=0x0000700004af58d0 is pointing into the stack for thread: 0x00007fef37055000
RBP=0x0000700004af58f0 is pointing into the stack for thread: 0x00007fef37055000
RSI=0x00007fef3af52ab0 is an unknown value
RDI=0x00007fef370551f8 is an unknown value
R8 =0x0000000000000020 is an unknown value
R9 =0x0000000000000000 is an unknown value
R10=0x000000010c57f3b8 is at entry_point+56 in (nmethod*)0x000000010c57f210
R11=0x00000000f60536c9 is an unknown value
R12=0x0000000000000000 is an unknown value
R13=0x00000007b029b360 is an oop
sun.java2d.opengl.OGLRenderQueue$QueueFlusher 
 - klass: 'sun/java2d/opengl/OGLRenderQueue$QueueFlusher'
R14=0x00007fef370551f8 is an unknown value
R15=0x00007fef37055000 is a thread


Stack: [0x00007000049f6000,0x0000700004af6000],  sp=0x0000700004af58d0,  free space=1022k
Native frames: (J=compiled Java code, j=interpreted, Vv=VM code, C=native code)
C  [libawt_lwawt.dylib+0x1cfcb]  OGLSD_SetScratchSurface+0x49
C  [libawt_lwawt.dylib+0x3e592]  Java_sun_java2d_opengl_OGLRenderQueue_flushBuffer+0x63a
J 3455  sun.java2d.opengl.OGLRenderQueue.flushBuffer(JI)V (0 bytes) @ 0x000000010c57f42a [0x000000010c57f380+0xaa]
J 10945% C2 sun.java2d.opengl.OGLRenderQueue$QueueFlusher.run()V (234 bytes) @ 0x000000010c044c9c [0x000000010c0449a0+0x2fc]
v  ~StubRoutines::call_stub
V  [libjvm.dylib+0x2f0792]  JavaCalls::call_helper(JavaValue*, methodHandle*, JavaCallArguments*, Thread*)+0x6ae
V  [libjvm.dylib+0x2f0f36]  JavaCalls::call_virtual(JavaValue*, KlassHandle, Symbol*, Symbol*, JavaCallArguments*, Thread*)+0x164
V  [libjvm.dylib+0x2f10e2]  JavaCalls::call_virtual(JavaValue*, Handle, KlassHandle, Symbol*, Symbol*, Thread*)+0x4a
V  [libjvm.dylib+0x34b9d1]  thread_entry(JavaThread*, Thread*)+0x7c
V  [libjvm.dylib+0x571817]  JavaThread::thread_main_inner()+0x9b
V  [libjvm.dylib+0x572f12]  JavaThread::run()+0x1c2
V  [libjvm.dylib+0x48f0fa]  java_start(Thread*)+0xf6
C  [libsystem_pthread.dylib+0x6109]  _pthread_start+0x94
C  [libsystem_pthread.dylib+0x1b8b]  thread_start+0xf
C  0x0000000000000000

Java frames: (J=compiled Java code, j=interpreted, Vv=VM code)
J 3455  sun.java2d.opengl.OGLRenderQueue.flushBuffer(JI)V (0 bytes) @ 0x000000010c57f3b8 [0x000000010c57f380+0x38]
J 10945% C2 sun.java2d.opengl.OGLRenderQueue$QueueFlusher.run()V (234 bytes) @ 0x000000010c044c9c [0x000000010c0449a0+0x2fc]
v  ~StubRoutines::call_stub

---------------  P R O C E S S  ---------------

Java Threads: ( => current thread )
  0x00007fef38bf1000 JavaThread "pool-8-thread-1" [_thread_blocked, id=90147, stack(0x000070000508b000,0x000070000518b000)]
  0x00007fef372a1000 JavaThread "RMI Scheduler(0)" daemon [_thread_blocked, id=96203, stack(0x0000700005394000,0x0000700005494000)]
  0x00007fef3e011800 JavaThread "Timer-0" daemon [_thread_blocked, id=93699, stack(0x000070000569d000,0x000070000579d000)]
  0x00007fef36b08000 JavaThread "Thread-1" daemon [_thread_blocked, id=124695, stack(0x0000700005497000,0x0000700005597000)]
  0x00007fef3e80a000 JavaThread "DestroyJavaVM" [_thread_blocked, id=9475, stack(0x0000700002881000,0x0000700002981000)]
  0x00007fef385f5800 JavaThread "TimerQueue" daemon [_thread_blocked, id=67843, stack(0x0000700004f88000,0x0000700005088000)]
  0x00007fef371fa000 JavaThread "File Watcher" daemon [_thread_blocked, id=68099, stack(0x0000700004e85000,0x0000700004f85000)]
  0x00007fef3b8d4000 JavaThread "AWT-EventQueue-0" [_thread_blocked, id=72475, stack(0x0000700004bfc000,0x0000700004cfc000)]
  0x00007fef38124800 JavaThread "Java2D Disposer" daemon [_thread_blocked, id=73227, stack(0x0000700004af9000,0x0000700004bf9000)]
=>0x00007fef37055000 JavaThread "Java2D Queue Flusher" daemon [_thread_in_native, id=75783, stack(0x00007000049f6000,0x0000700004af6000)]
  0x00007fef3b03c000 JavaThread "RequestProcessor queue manager" daemon [_thread_blocked, id=56075, stack(0x00007000048f3000,0x00007000049f3000)]
  0x00007fef380f1800 JavaThread "AWT-Shutdown" [_thread_blocked, id=36899, stack(0x00007000040cc000,0x00007000041cc000)]
  0x00007fef380e7000 JavaThread "AppKit Thread" daemon [_thread_in_native, id=775, stack(0x00007ffeebd49000,0x00007ffeec549000)]
  0x00007fef380db000 JavaThread "CLI Requests Server" daemon [_thread_in_native, id=42755, stack(0x0000700003fc9000,0x00007000040c9000)]
  0x00007fef37029800 JavaThread "Active Reference Queue Daemon" daemon [_thread_blocked, id=43011, stack(0x0000700003ec6000,0x0000700003fc6000)]
  0x00007fef3b80b800 JavaThread "Service Thread" daemon [_thread_blocked, id=43267, stack(0x0000700003cc0000,0x0000700003dc0000)]
  0x00007fef3c809000 JavaThread "C1 CompilerThread3" daemon [_thread_blocked, id=16643, stack(0x0000700003bbd000,0x0000700003cbd000)]
  0x00007fef3c808800 JavaThread "C2 CompilerThread2" daemon [_thread_blocked, id=17155, stack(0x0000700003aba000,0x0000700003bba000)]
  0x00007fef38024000 JavaThread "C2 CompilerThread1" daemon [_thread_blocked, id=16131, stack(0x00007000039b7000,0x0000700003ab7000)]
  0x00007fef38823800 JavaThread "C2 CompilerThread0" daemon [_thread_blocked, id=15619, stack(0x00007000038b4000,0x00007000039b4000)]
  0x00007fef38823000 JavaThread "Signal Dispatcher" daemon [_thread_blocked, id=15363, stack(0x00007000037b1000,0x00007000038b1000)]
  0x00007fef3b80a800 JavaThread "Finalizer" daemon [_thread_blocked, id=19203, stack(0x00007000035a8000,0x00007000036a8000)]
  0x00007fef3800f800 JavaThread "Reference Handler" daemon [_thread_blocked, id=19459, stack(0x00007000034a5000,0x00007000035a5000)]

Other Threads:
  0x00007fef3684f800 VMThread [stack: 0x00007000033a2000,0x00007000034a2000] [id=19715]
  0x00007fef3880d800 WatcherThread [stack: 0x0000700003dc3000,0x0000700003ec3000] [id=22275]

VM state:not at safepoint (normal execution)

VM Mutex/Monitor currently owned by a thread: None

heap address: 0x00000007b0000000, size: 256 MB, Compressed Oops mode: Zero based, Oop shift amount: 3
Narrow klass base: 0x0000000000000000, Narrow klass shift: 3
Compressed class space size: 1073741824 Address: 0x00000007c0000000

Heap:
 PSYoungGen      total 32256K, used 5757K [0x00000007bab00000, 0x00000007bd400000, 0x00000007c0000000)
  eden space 23552K, 1% used [0x00000007bab00000,0x00000007bab71550,0x00000007bc200000)
  from space 8704K, 60% used [0x00000007bcb80000,0x00000007bd0ae1d8,0x00000007bd400000)
  to   space 9216K, 0% used [0x00000007bc200000,0x00000007bc200000,0x00000007bcb00000)
 ParOldGen       total 101376K, used 86838K [0x00000007b0000000, 0x00000007b6300000, 0x00000007bab00000)
  object space 101376K, 85% used [0x00000007b0000000,0x00000007b54cd908,0x00000007b6300000)
 Metaspace       used 48555K, capacity 51846K, committed 52352K, reserved 1093632K
  class space    used 6719K, capacity 7685K, committed 7808K, reserved 1048576K

Card table byte_map: [0x000000010637a000,0x00000001063fb000] byte_map_base: 0x00000001025fa000

Marking Bits: (ParMarkBitMap*) 0x00000001058fceb0
 Begin Bits: [0x00000001063fb000, 0x00000001067fb000)
 End Bits:   [0x00000001067fb000, 0x0000000106bfb000)

Polling page: 0x0000000103773000

CodeCache: size=245760Kb used=29660Kb max_used=29740Kb free=216099Kb
 bounds [0x000000010bbe3000, 0x000000010d933000, 0x000000011abe3000]
 total_blobs=9720 nmethods=8970 adapters=660
 compilation: enabled

Compilation events (10 events):
Event: 41683.466 Thread 0x00007fef3c809000 11503       3       sun.lwawt.macosx.CPlatformWindow::getGraphicsDevice (8 bytes)
Event: 41683.469 Thread 0x00007fef3c809000 nmethod 11503 0x000000010c64c290 code [0x000000010c64c400, 0x000000010c64c5a8]
Event: 41683.482 Thread 0x00007fef3c809000 11504   !   3       javax.swing.RepaintManager::addDirtyRegion0 (205 bytes)
Event: 41683.564 Thread 0x00007fef3c809000 nmethod 11504 0x000000010d103b10 code [0x000000010d103de0, 0x000000010d1058f8]
Event: 41683.569 Thread 0x00007fef3c809000 11505       3       java.util.concurrent.atomic.AtomicInteger::set (6 bytes)
Event: 41683.569 Thread 0x00007fef3c809000 nmethod 11505 0x000000010c422510 code [0x000000010c422660, 0x000000010c4227b0]
Event: 41683.576 Thread 0x00007fef3c809000 11506       3       sun.java2d.opengl.CGLLayer::getPointer (5 bytes)
Event: 41683.576 Thread 0x00007fef3c809000 nmethod 11506 0x000000010c906a10 code [0x000000010c906b60, 0x000000010c906cb0]
Event: 42250.848 Thread 0x00007fef3c809000 11507       3       sun.awt.CGraphicsDevice::getDefaultConfiguration (7 bytes)
Event: 42250.851 Thread 0x00007fef3c809000 nmethod 11507 0x000000010c297110 code [0x000000010c297280, 0x000000010c297410]

GC Heap History (10 events):
Event: 39222.574 GC heap before
{Heap before GC invocations=123 (full 9):
 PSYoungGen      total 31232K, used 31222K [0x00000007bab00000, 0x00000007bd900000, 0x00000007c0000000)
  eden space 25600K, 100% used [0x00000007bab00000,0x00000007bc400000,0x00000007bc400000)
  from space 5632K, 99% used [0x00000007bc480000,0x00000007bc9fd898,0x00000007bca00000)
  to   space 10752K, 0% used [0x00000007bce80000,0x00000007bce80000,0x00000007bd900000)
 ParOldGen       total 101376K, used 86662K [0x00000007b0000000, 0x00000007b6300000, 0x00000007bab00000)
  object space 101376K, 85% used [0x00000007b0000000,0x00000007b54a1908,0x00000007b6300000)
 Metaspace       used 48551K, capacity 51846K, committed 52352K, reserved 1093632K
  class space    used 6719K, capacity 7685K, committed 7808K, reserved 1048576K
Event: 39222.580 GC heap after
Heap after GC invocations=123 (full 9):
 PSYoungGen      total 34304K, used 5336K [0x00000007bab00000, 0x00000007bd780000, 0x00000007c0000000)
  eden space 25088K, 0% used [0x00000007bab00000,0x00000007bab00000,0x00000007bc380000)
  from space 9216K, 57% used [0x00000007bce80000,0x00000007bd3b61d8,0x00000007bd780000)
  to   space 10240K, 0% used [0x00000007bc380000,0x00000007bc380000,0x00000007bcd80000)
 ParOldGen       total 101376K, used 86670K [0x00000007b0000000, 0x00000007b6300000, 0x00000007bab00000)
  object space 101376K, 85% used [0x00000007b0000000,0x00000007b54a3908,0x00000007b6300000)
 Metaspace       used 48551K, capacity 51846K, committed 52352K, reserved 1093632K
  class space    used 6719K, capacity 7685K, committed 7808K, reserved 1048576K
}
Event: 40066.102 GC heap before
{Heap before GC invocations=124 (full 9):
 PSYoungGen      total 34304K, used 30424K [0x00000007bab00000, 0x00000007bd780000, 0x00000007c0000000)
  eden space 25088K, 100% used [0x00000007bab00000,0x00000007bc380000,0x00000007bc380000)
  from space 9216K, 57% used [0x00000007bce80000,0x00000007bd3b61d8,0x00000007bd780000)
  to   space 10240K, 0% used [0x00000007bc380000,0x00000007bc380000,0x00000007bcd80000)
 ParOldGen       total 101376K, used 86670K [0x00000007b0000000, 0x00000007b6300000, 0x00000007bab00000)
  object space 101376K, 85% used [0x00000007b0000000,0x00000007b54a3908,0x00000007b6300000)
 Metaspace       used 48551K, capacity 51846K, committed 52352K, reserved 1093632K
  class space    used 6719K, capacity 7685K, committed 7808K, reserved 1048576K
Event: 40066.105 GC heap after
Heap after GC invocations=124 (full 9):
 PSYoungGen      total 30208K, used 5304K [0x00000007bab00000, 0x00000007bd700000, 0x00000007c0000000)
  eden space 24576K, 0% used [0x00000007bab00000,0x00000007bab00000,0x00000007bc300000)
  from space 5632K, 94% used [0x00000007bc380000,0x00000007bc8ae1d8,0x00000007bc900000)
  to   space 10240K, 0% used [0x00000007bcd00000,0x00000007bcd00000,0x00000007bd700000)
 ParOldGen       total 101376K, used 86670K [0x00000007b0000000, 0x00000007b6300000, 0x00000007bab00000)
  object space 101376K, 85% used [0x00000007b0000000,0x00000007b54a3908,0x00000007b6300000)
 Metaspace       used 48551K, capacity 51846K, committed 52352K, reserved 1093632K
  class space    used 6719K, capacity 7685K, committed 7808K, reserved 1048576K
}
Event: 40888.779 GC heap before
{Heap before GC invocations=125 (full 9):
 PSYoungGen      total 30208K, used 29880K [0x00000007bab00000, 0x00000007bd700000, 0x00000007c0000000)
  eden space 24576K, 100% used [0x00000007bab00000,0x00000007bc300000,0x00000007bc300000)
  from space 5632K, 94% used [0x00000007bc380000,0x00000007bc8ae1d8,0x00000007bc900000)
  to   space 10240K, 0% used [0x00000007bcd00000,0x00000007bcd00000,0x00000007bd700000)
 ParOldGen       total 101376K, used 86670K [0x00000007b0000000, 0x00000007b6300000, 0x00000007bab00000)
  object space 101376K, 85% used [0x00000007b0000000,0x00000007b54a3908,0x00000007b6300000)
 Metaspace       used 48552K, capacity 51846K, committed 52352K, reserved 1093632K
  class space    used 6719K, capacity 7685K, committed 7808K, reserved 1048576K
Event: 40888.784 GC heap after
Heap after GC invocations=125 (full 9):
 PSYoungGen      total 32768K, used 5304K [0x00000007bab00000, 0x00000007bd580000, 0x00000007c0000000)
  eden space 24064K, 0% used [0x00000007bab00000,0x00000007bab00000,0x00000007bc280000)
  from space 8704K, 60% used [0x00000007bcd00000,0x00000007bd22e1d8,0x00000007bd580000)
  to   space 9728K, 0% used [0x00000007bc280000,0x00000007bc280000,0x00000007bcc00000)
 ParOldGen       total 101376K, used 86694K [0x00000007b0000000, 0x00000007b6300000, 0x00000007bab00000)
  object space 101376K, 85% used [0x00000007b0000000,0x00000007b54a9908,0x00000007b6300000)
 Metaspace       used 48552K, capacity 51846K, committed 52352K, reserved 1093632K
  class space    used 6719K, capacity 7685K, committed 7808K, reserved 1048576K
}
Event: 41683.370 GC heap before
{Heap before GC invocations=126 (full 9):
 PSYoungGen      total 32768K, used 29368K [0x00000007bab00000, 0x00000007bd580000, 0x00000007c0000000)
  eden space 24064K, 100% used [0x00000007bab00000,0x00000007bc280000,0x00000007bc280000)
  from space 8704K, 60% used [0x00000007bcd00000,0x00000007bd22e1d8,0x00000007bd580000)
  to   space 9728K, 0% used [0x00000007bc280000,0x00000007bc280000,0x00000007bcc00000)
 ParOldGen       total 101376K, used 86694K [0x00000007b0000000, 0x00000007b6300000, 0x00000007bab00000)
  object space 101376K, 85% used [0x00000007b0000000,0x00000007b54a9908,0x00000007b6300000)
 Metaspace       used 48552K, capacity 51846K, committed 52352K, reserved 1093632K
  class space    used 6719K, capacity 7685K, committed 7808K, reserved 1048576K
Event: 41683.403 GC heap after
Heap after GC invocations=126 (full 9):
 PSYoungGen      total 29184K, used 5272K [0x00000007bab00000, 0x00000007bd500000, 0x00000007c0000000)
  eden space 23552K, 0% used [0x00000007bab00000,0x00000007bab00000,0x00000007bc200000)
  from space 5632K, 93% used [0x00000007bc280000,0x00000007bc7a61d8,0x00000007bc800000)
  to   space 9728K, 0% used [0x00000007bcb80000,0x00000007bcb80000,0x00000007bd500000)
 ParOldGen       total 101376K, used 86758K [0x00000007b0000000, 0x00000007b6300000, 0x00000007bab00000)
  object space 101376K, 85% used [0x00000007b0000000,0x00000007b54b9908,0x00000007b6300000)
 Metaspace       used 48552K, capacity 51846K, committed 52352K, reserved 1093632K
  class space    used 6719K, capacity 7685K, committed 7808K, reserved 1048576K
}
Event: 42471.077 GC heap before
{Heap before GC invocations=127 (full 9):
 PSYoungGen      total 29184K, used 28824K [0x00000007bab00000, 0x00000007bd500000, 0x00000007c0000000)
  eden space 23552K, 100% used [0x00000007bab00000,0x00000007bc200000,0x00000007bc200000)
  from space 5632K, 93% used [0x00000007bc280000,0x00000007bc7a61d8,0x00000007bc800000)
  to   space 9728K, 0% used [0x00000007bcb80000,0x00000007bcb80000,0x00000007bd500000)
 ParOldGen       total 101376K, used 86758K [0x00000007b0000000, 0x00000007b6300000, 0x00000007bab00000)
  object space 101376K, 85% used [0x00000007b0000000,0x00000007b54b9908,0x00000007b6300000)
 Metaspace       used 48555K, capacity 51846K, committed 52352K, reserved 1093632K
  class space    used 6719K, capacity 7685K, committed 7808K, reserved 1048576K
Event: 42471.081 GC heap after
Heap after GC invocations=127 (full 9):
 PSYoungGen      total 32256K, used 5304K [0x00000007bab00000, 0x00000007bd400000, 0x00000007c0000000)
  eden space 23552K, 0% used [0x00000007bab00000,0x00000007bab00000,0x00000007bc200000)
  from space 8704K, 60% used [0x00000007bcb80000,0x00000007bd0ae1d8,0x00000007bd400000)
  to   space 9216K, 0% used [0x00000007bc200000,0x00000007bc200000,0x00000007bcb00000)
 ParOldGen       total 101376K, used 86838K [0x00000007b0000000, 0x00000007b6300000, 0x00000007bab00000)
  object space 101376K, 85% used [0x00000007b0000000,0x00000007b54cd908,0x00000007b6300000)
 Metaspace       used 48555K, capacity 51846K, committed 52352K, reserved 1093632K
  class space    used 6719K, capacity 7685K, committed 7808K, reserved 1048576K
}

Deoptimization events (10 events):
Event: 12824.664 Thread 0x00007fef3b8d4000 Uncommon trap: reason=predicate action=maybe_recompile pc=0x000000010cf3e494 method=java.util.TimSort.reverseRange([Ljava/lang/Object;II)V @ 8
Event: 13354.232 Thread 0x00007fef3b8d4000 Uncommon trap: reason=unstable_if action=reinterpret pc=0x000000010d415428 method=sun.java2d.pipe.RenderQueue.ensureCapacity(I)V @ 8
Event: 16714.933 Thread 0x00007fef3b8d4000 Uncommon trap: reason=array_check action=maybe_recompile pc=0x000000010d850ffc method=java.util.TimSort.reverseRange([Ljava/lang/Object;II)V @ 20
Event: 16714.952 Thread 0x00007fef3b8d4000 Uncommon trap: reason=array_check action=maybe_recompile pc=0x000000010d850ffc method=java.util.TimSort.reverseRange([Ljava/lang/Object;II)V @ 20
Event: 16715.332 Thread 0x00007fef3b8d4000 Uncommon trap: reason=array_check action=maybe_recompile pc=0x000000010d850ffc method=java.util.TimSort.reverseRange([Ljava/lang/Object;II)V @ 20
Event: 16715.333 Thread 0x00007fef3b8d4000 Uncommon trap: reason=array_check action=maybe_recompile pc=0x000000010d850ffc method=java.util.TimSort.reverseRange([Ljava/lang/Object;II)V @ 20
Event: 24839.198 Thread 0x00007fef3b8d4000 Uncommon trap: reason=array_check action=maybe_recompile pc=0x000000010d8cf75c method=java.util.TimSort.reverseRange([Ljava/lang/Object;II)V @ 27
Event: 24839.221 Thread 0x00007fef3b8d4000 Uncommon trap: reason=array_check action=maybe_recompile pc=0x000000010d8cf75c method=java.util.TimSort.reverseRange([Ljava/lang/Object;II)V @ 27
Event: 38062.737 Thread 0x00007fef3b8d4000 Uncommon trap: reason=class_check action=maybe_recompile pc=0x000000010d7d48e4 method=java.awt.Component.dispatchEventImpl(Ljava/awt/AWTEvent;)V @ 409
Event: 40076.900 Thread 0x00007fef3b8d4000 Uncommon trap: reason=unstable_if action=reinterpret pc=0x000000010c3b8a28 method=javax.swing.RepaintManager.addDirtyRegion0(Ljava/awt/Container;IIII)V @ 108

Classes redefined (0 events):
No events

Internal exceptions (10 events):
Event: 8936.109 Thread 0x00007fef29c92000 Exception <a 'java/net/ConnectException'> (0x00000007bb761208) thrown at [/Users/java_re/workspace/8-2-build-macosx-x86_64/jdk8u231/13620/hotspot/src/share/vm/prims/jni.cpp, line 710]
Event: 8952.111 Thread 0x00007fef29c92000 Exception <a 'java/net/ConnectException'> (0x00000007bb762240) thrown at [/Users/java_re/workspace/8-2-build-macosx-x86_64/jdk8u231/13620/hotspot/src/share/vm/prims/jni.cpp, line 710]
Event: 8984.113 Thread 0x00007fef29c92000 Exception <a 'java/net/ConnectException'> (0x00000007bb763298) thrown at [/Users/java_re/workspace/8-2-build-macosx-x86_64/jdk8u231/13620/hotspot/src/share/vm/prims/jni.cpp, line 710]
Event: 9048.119 Thread 0x00007fef29c92000 Exception <a 'java/net/ConnectException'> (0x00000007bb8faea8) thrown at [/Users/java_re/workspace/8-2-build-macosx-x86_64/jdk8u231/13620/hotspot/src/share/vm/prims/jni.cpp, line 710]
Event: 9176.129 Thread 0x00007fef29c92000 Exception <a 'java/net/ConnectException'> (0x00000007bb8fbee0) thrown at [/Users/java_re/workspace/8-2-build-macosx-x86_64/jdk8u231/13620/hotspot/src/share/vm/prims/jni.cpp, line 710]
Event: 9802.445 Thread 0x00007fef29c92000 Exception <a 'java/net/ConnectException'> (0x00000007bab00cc0) thrown at [/Users/java_re/workspace/8-2-build-macosx-x86_64/jdk8u231/13620/hotspot/src/share/vm/prims/jni.cpp, line 710]
Event: 9982.446 Thread 0x00007fef29c92000 Exception <a 'java/net/ConnectException'> (0x00000007bb2acd90) thrown at [/Users/java_re/workspace/8-2-build-macosx-x86_64/jdk8u231/13620/hotspot/src/share/vm/prims/jni.cpp, line 710]
Event: 10162.447 Thread 0x00007fef29c92000 Exception <a 'java/net/ConnectException'> (0x00000007bb2addd8) thrown at [/Users/java_re/workspace/8-2-build-macosx-x86_64/jdk8u231/13620/hotspot/src/share/vm/prims/jni.cpp, line 710]
Event: 10342.450 Thread 0x00007fef29c92000 Exception <a 'java/net/ConnectException'> (0x00000007bcd634f0) thrown at [/Users/java_re/workspace/8-2-build-macosx-x86_64/jdk8u231/13620/hotspot/src/share/vm/prims/jni.cpp, line 710]
Event: 10522.453 Thread 0x00007fef29c92000 Exception <a 'java/net/ConnectException'> (0x00000007bcd64538) thrown at [/Users/java_re/workspace/8-2-build-macosx-x86_64/jdk8u231/13620/hotspot/src/share/vm/prims/jni.cpp, line 710]

Events (10 events):
Event: 41683.403 Executing VM operation: ParallelGCFailedAllocation done
Event: 41683.456 Thread 0x00007fef3c809000 flushing nmethod 0x000000010c64bf50
Event: 41683.480 Thread 0x00007fef3c809000 flushing nmethod 0x000000010c906a10
Event: 41683.577 Thread 0x00007fef3c809000 flushing nmethod 0x000000010cc44210
Event: 41683.579 Thread 0x00007fef3c809000 flushing nmethod 0x000000010ccc8850
Event: 41683.579 Thread 0x00007fef3c809000 flushing nmethod 0x000000010ccd4550
Event: 41683.581 Thread 0x00007fef3c809000 flushing nmethod 0x000000010cd30590
Event: 42250.852 Thread 0x00007fef3c809000 flushing nmethod 0x000000010cdfb250
Event: 42471.077 Executing VM operation: ParallelGCFailedAllocation
Event: 42471.081 Executing VM operation: ParallelGCFailedAllocation done


Dynamic libraries:
0x00007fff302d8000 	/System/Library/Frameworks/Cocoa.framework/Versions/A/Cocoa
0x00007fff3dacd000 	/System/Library/Frameworks/Security.framework/Versions/A/Security
0x00007fff2f23d000 	/System/Library/Frameworks/ApplicationServices.framework/Versions/A/ApplicationServices
0x00007fff6a5f0000 	/usr/lib/libz.1.dylib
0x00007fff680b4000 	/usr/lib/libSystem.B.dylib
0x00007fff69f14000 	/usr/lib/libobjc.A.dylib
0x00007fff3117a000 	/System/Library/Frameworks/CoreFoundation.framework/Versions/A/CoreFoundation
0x00007fff33837000 	/System/Library/Frameworks/Foundation.framework/Versions/C/Foundation
0x00007fff2e42d000 	/System/Library/Frameworks/AppKit.framework/Versions/C/AppKit
0x00007fff30c5c000 	/System/Library/Frameworks/CoreData.framework/Versions/A/CoreData
0x00007fff620ca000 	/System/Library/PrivateFrameworks/UIFoundation.framework/Versions/A/UIFoundation
0x00007fff5d15e000 	/System/Library/PrivateFrameworks/RemoteViewServices.framework/Versions/A/RemoteViewServices
0x00007fff64c24000 	/System/Library/PrivateFrameworks/XCTTargetBootstrap.framework/Versions/A/XCTTargetBootstrap
0x00007fff31047000 	/System/Library/Frameworks/CoreDisplay.framework/Versions/A/CoreDisplay
0x00007fff366f1000 	/System/Library/Frameworks/Metal.framework/Versions/A/Metal
0x00007fff4b161000 	/System/Library/PrivateFrameworks/DesktopServicesPriv.framework/Versions/A/DesktopServicesPriv
0x00007fff691ef000 	/usr/lib/liblangid.dylib
0x00007fff4a3f6000 	/System/Library/PrivateFrameworks/CoreSVG.framework/Versions/A/CoreSVG
0x00007fff602ba000 	/System/Library/PrivateFrameworks/SkyLight.framework/Versions/A/SkyLight
0x00007fff315fb000 	/System/Library/Frameworks/CoreGraphics.framework/Versions/A/CoreGraphics
0x00007fff2ce01000 	/System/Library/Frameworks/Accelerate.framework/Versions/A/Accelerate
0x00007fff6a4e1000 	/usr/lib/libxml2.2.dylib
0x00007fff560e9000 	/System/Library/PrivateFrameworks/IconServices.framework/Versions/A/IconServices
0x00007fff34016000 	/System/Library/Frameworks/IOSurface.framework/Versions/A/IOSurface
0x00007fff67bde000 	/usr/lib/libDiagnosticMessagesClient.dylib
0x00007fff4afbb000 	/System/Library/PrivateFrameworks/DFRFoundation.framework/Versions/A/DFRFoundation
0x00007fff68f7e000 	/usr/lib/libicucore.A.dylib
0x00007fff2f56f000 	/System/Library/Frameworks/AudioToolbox.framework/Versions/A/AudioToolbox
0x00007fff2f652000 	/System/Library/Frameworks/AudioUnit.framework/Versions/A/AudioUnit
0x00007fff682b6000 	/usr/lib/libauto.dylib
0x00007fff4b05d000 	/System/Library/PrivateFrameworks/DataDetectorsCore.framework/Versions/A/DataDetectorsCore
0x00007fff2fdf9000 	/System/Library/Frameworks/Carbon.framework/Versions/A/Frameworks/HIToolbox.framework/Versions/A/HIToolbox
0x00007fff3ccc9000 	/System/Library/Frameworks/QuartzCore.framework/Versions/A/QuartzCore
0x00007fff30138000 	/System/Library/Frameworks/Carbon.framework/Versions/A/Frameworks/SpeechRecognition.framework/Versions/A/SpeechRecognition
0x00007fff4aacf000 	/System/Library/PrivateFrameworks/CoreUI.framework/Versions/A/CoreUI
0x00007fff306c7000 	/System/Library/Frameworks/CoreAudio.framework/Versions/A/CoreAudio
0x00007fff334f6000 	/System/Library/Frameworks/DiskArbitration.framework/Versions/A/DiskArbitration
0x00007fff58139000 	/System/Library/PrivateFrameworks/MultitouchSupport.framework/Versions/A/MultitouchSupport
0x00007fff68e45000 	/usr/lib/libenergytrace.dylib
0x00007fff33f70000 	/System/Library/Frameworks/IOKit.framework/Versions/A/IOKit
0x00007fff32562000 	/System/Library/Frameworks/CoreServices.framework/Versions/A/CoreServices
0x00007fff5a2f1000 	/System/Library/PrivateFrameworks/PerformanceAnalysis.framework/Versions/A/PerformanceAnalysis
0x00007fff3bcfc000 	/System/Library/Frameworks/OpenGL.framework/Versions/A/OpenGL
0x00007fff302e6000 	/System/Library/Frameworks/ColorSync.framework/Versions/A/ColorSync
0x00007fff31c7e000 	/System/Library/Frameworks/CoreImage.framework/Versions/A/CoreImage
0x00007fff32fd5000 	/System/Library/Frameworks/CoreText.framework/Versions/A/CoreText
0x00007fff340a6000 	/System/Library/Frameworks/ImageIO.framework/Versions/A/ImageIO
0x00007fff6839a000 	/usr/lib/libc++.1.dylib
0x00007fff68416000 	/usr/lib/libcompression.dylib
0x00007fff67f22000 	/usr/lib/libMobileGestalt.dylib
0x00007fff61e34000 	/System/Library/PrivateFrameworks/TextureIO.framework/Versions/A/TextureIO
0x00007fff68219000 	/usr/lib/libate.dylib
0x00007fff562f2000 	/System/Library/PrivateFrameworks/InternationalSupport.framework/Versions/A/InternationalSupport
0x00007fff6aeb1000 	/usr/lib/system/libcache.dylib
0x00007fff6aeb7000 	/usr/lib/system/libcommonCrypto.dylib
0x00007fff6aec3000 	/usr/lib/system/libcompiler_rt.dylib
0x00007fff6aecb000 	/usr/lib/system/libcopyfile.dylib
0x00007fff6aed5000 	/usr/lib/system/libcorecrypto.dylib
0x00007fff6b074000 	/usr/lib/system/libdispatch.dylib
0x00007fff6b0b5000 	/usr/lib/system/libdyld.dylib
0x00007fff6b0ec000 	/usr/lib/system/libkeymgr.dylib
0x00007fff6b0fa000 	/usr/lib/system/liblaunch.dylib
0x00007fff6b0fb000 	/usr/lib/system/libmacho.dylib
0x00007fff6b101000 	/usr/lib/system/libquarantine.dylib
0x00007fff6b104000 	/usr/lib/system/libremovefile.dylib
0x00007fff6b106000 	/usr/lib/system/libsystem_asl.dylib
0x00007fff6b11e000 	/usr/lib/system/libsystem_blocks.dylib
0x00007fff6b11f000 	/usr/lib/system/libsystem_c.dylib
0x00007fff6b1a7000 	/usr/lib/system/libsystem_configuration.dylib
0x00007fff6b1ab000 	/usr/lib/system/libsystem_coreservices.dylib
0x00007fff6b1af000 	/usr/lib/system/libsystem_darwin.dylib
0x00007fff6b1b8000 	/usr/lib/system/libsystem_dnssd.dylib
0x00007fff6b1c0000 	/usr/lib/system/libsystem_featureflags.dylib
0x00007fff6b1c2000 	/usr/lib/system/libsystem_info.dylib
0x00007fff6b23d000 	/usr/lib/system/libsystem_m.dylib
0x00007fff6b285000 	/usr/lib/system/libsystem_malloc.dylib
0x00007fff6b2ad000 	/usr/lib/system/libsystem_networkextension.dylib
0x00007fff6b2bb000 	/usr/lib/system/libsystem_notify.dylib
0x00007fff6b2d9000 	/usr/lib/system/libsystem_sandbox.dylib
0x00007fff6b2de000 	/usr/lib/system/libsystem_secinit.dylib
0x00007fff6b210000 	/usr/lib/system/libsystem_kernel.dylib
0x00007fff6b2c5000 	/usr/lib/system/libsystem_platform.dylib
0x00007fff6b2ce000 	/usr/lib/system/libsystem_pthread.dylib
0x00007fff6b2e1000 	/usr/lib/system/libsystem_symptoms.dylib
0x00007fff6b2e9000 	/usr/lib/system/libsystem_trace.dylib
0x00007fff6b301000 	/usr/lib/system/libunwind.dylib
0x00007fff6b307000 	/usr/lib/system/libxpc.dylib
0x00007fff683ed000 	/usr/lib/libc++abi.dylib
0x00007fff691f1000 	/usr/lib/liblzma.5.dylib
0x00007fff68e6c000 	/usr/lib/libfakelink.dylib
0x00007fff681a6000 	/usr/lib/libarchive.2.dylib
0x00007fff3eb7e000 	/System/Library/Frameworks/SystemConfiguration.framework/Versions/A/SystemConfiguration
0x00007fff67b11000 	/usr/lib/libCRFSuite.dylib
0x00007fff2f9e9000 	/System/Library/Frameworks/CFNetwork.framework/Versions/A/CFNetwork
0x00007fff6837c000 	/usr/lib/libbsm.0.dylib
0x00007fff6b0ed000 	/usr/lib/system/libkxld.dylib
0x00007fff44938000 	/System/Library/PrivateFrameworks/AppleFSCompression.framework/Versions/A/AppleFSCompression
0x00007fff68707000 	/usr/lib/libcoretls.dylib
0x00007fff6871e000 	/usr/lib/libcoretls_cfhelpers.dylib
0x00007fff69f5a000 	/usr/lib/libpam.2.dylib
0x00007fff6a08f000 	/usr/lib/libsqlite3.dylib
0x00007fff6a4ce000 	/usr/lib/libxar.1.dylib
0x00007fff6838d000 	/usr/lib/libbz2.1.0.dylib
0x00007fff68e8d000 	/usr/lib/libiconv.2.dylib
0x00007fff68403000 	/usr/lib/libcharset.1.dylib
0x00007fff699f7000 	/usr/lib/libnetwork.dylib
0x00007fff69f61000 	/usr/lib/libpcap.A.dylib
0x00007fff6815b000 	/usr/lib/libapple_nghttp2.dylib
0x00007fff32919000 	/System/Library/Frameworks/CoreServices.framework/Versions/A/Frameworks/FSEvents.framework/Versions/A/FSEvents
0x00007fff325e9000 	/System/Library/Frameworks/CoreServices.framework/Versions/A/Frameworks/CarbonCore.framework/Versions/A/CarbonCore
0x00007fff32b5d000 	/System/Library/Frameworks/CoreServices.framework/Versions/A/Frameworks/Metadata.framework/Versions/A/Metadata
0x00007fff32bf6000 	/System/Library/Frameworks/CoreServices.framework/Versions/A/Frameworks/OSServices.framework/Versions/A/OSServices
0x00007fff32c24000 	/System/Library/Frameworks/CoreServices.framework/Versions/A/Frameworks/SearchKit.framework/Versions/A/SearchKit
0x00007fff32563000 	/System/Library/Frameworks/CoreServices.framework/Versions/A/Frameworks/AE.framework/Versions/A/AE
0x00007fff32922000 	/System/Library/Frameworks/CoreServices.framework/Versions/A/Frameworks/LaunchServices.framework/Versions/A/LaunchServices
0x00007fff328cb000 	/System/Library/Frameworks/CoreServices.framework/Versions/A/Frameworks/DictionaryServices.framework/Versions/A/DictionaryServices
0x00007fff32c8c000 	/System/Library/Frameworks/CoreServices.framework/Versions/A/Frameworks/SharedFileList.framework/Versions/A/SharedFileList
0x00007fff37b1b000 	/System/Library/Frameworks/NetFS.framework/Versions/A/NetFS
0x00007fff58669000 	/System/Library/PrivateFrameworks/NetAuth.framework/Versions/A/NetAuth
0x00007fff64ff1000 	/System/Library/PrivateFrameworks/login.framework/Versions/A/Frameworks/loginsupport.framework/Versions/A/loginsupport
0x00007fff618ff000 	/System/Library/PrivateFrameworks/TCC.framework/Versions/A/TCC
0x00007fff49569000 	/System/Library/PrivateFrameworks/CoreNLP.framework/Versions/A/CoreNLP
0x00007fff57b66000 	/System/Library/PrivateFrameworks/MetadataUtilities.framework/Versions/A/MetadataUtilities
0x00007fff692c9000 	/usr/lib/libmecabra.dylib
0x00007fff69221000 	/usr/lib/libmecab.dylib
0x00007fff68e7d000 	/usr/lib/libgermantok.dylib
0x00007fff68142000 	/usr/lib/libThaiTokenizer.dylib
0x00007fff67b48000 	/usr/lib/libChineseTokenizer.dylib
0x00007fff2ce19000 	/System/Library/Frameworks/Accelerate.framework/Versions/A/Frameworks/vImage.framework/Versions/A/vImage
0x00007fff2e283000 	/System/Library/Frameworks/Accelerate.framework/Versions/A/Frameworks/vecLib.framework/Versions/A/vecLib
0x00007fff2e1c0000 	/System/Library/Frameworks/Accelerate.framework/Versions/A/Frameworks/vecLib.framework/Versions/A/libvMisc.dylib
0x00007fff2dfe8000 	/System/Library/Frameworks/Accelerate.framework/Versions/A/Frameworks/vecLib.framework/Versions/A/libvDSP.dylib
0x00007fff2d470000 	/System/Library/Frameworks/Accelerate.framework/Versions/A/Frameworks/vecLib.framework/Versions/A/libBLAS.dylib
0x00007fff2dbac000 	/System/Library/Frameworks/Accelerate.framework/Versions/A/Frameworks/vecLib.framework/Versions/A/libLAPACK.dylib
0x00007fff2df48000 	/System/Library/Frameworks/Accelerate.framework/Versions/A/Frameworks/vecLib.framework/Versions/A/libLinearAlgebra.dylib
0x00007fff2dfd5000 	/System/Library/Frameworks/Accelerate.framework/Versions/A/Frameworks/vecLib.framework/Versions/A/libSparseBLAS.dylib
0x00007fff2df5e000 	/System/Library/Frameworks/Accelerate.framework/Versions/A/Frameworks/vecLib.framework/Versions/A/libQuadrature.dylib
0x00007fff2d6d8000 	/System/Library/Frameworks/Accelerate.framework/Versions/A/Frameworks/vecLib.framework/Versions/A/libBNNS.dylib
0x00007fff2df64000 	/System/Library/Frameworks/Accelerate.framework/Versions/A/Frameworks/vecLib.framework/Versions/A/libSparse.dylib
0x00007fff566da000 	/System/Library/PrivateFrameworks/LanguageModeling.framework/Versions/A/LanguageModeling
0x00007fff48f19000 	/System/Library/PrivateFrameworks/CoreEmoji.framework/Versions/A/CoreEmoji
0x00007fff567f8000 	/System/Library/PrivateFrameworks/LinguisticData.framework/Versions/A/LinguisticData
0x00007fff567a9000 	/System/Library/PrivateFrameworks/Lexicon.framework/Versions/A/Lexicon
0x00007fff68404000 	/usr/lib/libcmph.dylib
0x00007fff3a70a000 	/System/Library/Frameworks/OpenDirectory.framework/Versions/A/Frameworks/CFOpenDirectory.framework/Versions/A/CFOpenDirectory
0x00007fff3a727000 	/System/Library/Frameworks/OpenDirectory.framework/Versions/A/OpenDirectory
0x00007fff42b68000 	/System/Library/PrivateFrameworks/APFS.framework/Versions/A/APFS
0x00007fff3de17000 	/System/Library/Frameworks/SecurityFoundation.framework/Versions/A/SecurityFoundation
0x00007fff6a4ca000 	/usr/lib/libutil.dylib
0x00007fff4a44e000 	/System/Library/PrivateFrameworks/CoreServicesStore.framework/Versions/A/CoreServicesStore
0x00007fff3dece000 	/System/Library/Frameworks/ServiceManagement.framework/Versions/A/ServiceManagement
0x00007fff46108000 	/System/Library/PrivateFrameworks/BackgroundTaskManagement.framework/Versions/A/BackgroundTaskManagement
0x00007fff6a5c7000 	/usr/lib/libxslt.1.dylib
0x00007fff44fab000 	/System/Library/PrivateFrameworks/AppleSystemInfo.framework/Versions/A/AppleSystemInfo
0x00007fff342c1000 	/System/Library/Frameworks/ImageIO.framework/Versions/A/Resources/libJPEG.dylib
0x00007fff3457f000 	/System/Library/Frameworks/ImageIO.framework/Versions/A/Resources/libTIFF.dylib
0x00007fff34562000 	/System/Library/Frameworks/ImageIO.framework/Versions/A/Resources/libPng.dylib
0x00007fff34203000 	/System/Library/Frameworks/ImageIO.framework/Versions/A/Resources/libGIF.dylib
0x00007fff34207000 	/System/Library/Frameworks/ImageIO.framework/Versions/A/Resources/libJP2.dylib
0x00007fff3457d000 	/System/Library/Frameworks/ImageIO.framework/Versions/A/Resources/libRadiance.dylib
0x00007fff68e46000 	/usr/lib/libexpat.1.dylib
0x00007fff44a93000 	/System/Library/PrivateFrameworks/AppleJPEG.framework/Versions/A/AppleJPEG
0x00007fff4d74e000 	/System/Library/PrivateFrameworks/FontServices.framework/libFontParser.dylib
0x00007fff63ff3000 	/System/Library/PrivateFrameworks/WatchdogClient.framework/Versions/A/WatchdogClient
0x00007fff55d35000 	/System/Library/PrivateFrameworks/IOAccelerator.framework/Versions/A/IOAccelerator
0x00007fff36a8c000 	/System/Library/Frameworks/MetalPerformanceShaders.framework/Versions/A/MetalPerformanceShaders
0x00007fff524cb000 	/System/Library/PrivateFrameworks/GPUWrangler.framework/Versions/A/GPUWrangler
0x00007fff55d4a000 	/System/Library/PrivateFrameworks/IOPresentment.framework/Versions/A/IOPresentment
0x00007fff4afce000 	/System/Library/PrivateFrameworks/DSExternalDisplay.framework/Versions/A/DSExternalDisplay
0x00007fff3b09b000 	/System/Library/Frameworks/OpenGL.framework/Versions/A/Libraries/libCoreFSCache.dylib
0x00007fff367d8000 	/System/Library/Frameworks/MetalPerformanceShaders.framework/Frameworks/MPSCore.framework/Versions/A/MPSCore
0x00007fff36816000 	/System/Library/Frameworks/MetalPerformanceShaders.framework/Frameworks/MPSImage.framework/Versions/A/MPSImage
0x00007fff368dd000 	/System/Library/Frameworks/MetalPerformanceShaders.framework/Frameworks/MPSNeuralNetwork.framework/Versions/A/MPSNeuralNetwork
0x00007fff368a1000 	/System/Library/Frameworks/MetalPerformanceShaders.framework/Frameworks/MPSMatrix.framework/Versions/A/MPSMatrix
0x00007fff36a3c000 	/System/Library/Frameworks/MetalPerformanceShaders.framework/Frameworks/MPSRayIntersector.framework/Versions/A/MPSRayIntersector
0x00007fff368c7000 	/System/Library/Frameworks/MetalPerformanceShaders.framework/Frameworks/MPSNDArray.framework/Versions/A/MPSNDArray
0x00007fff57bb3000 	/System/Library/PrivateFrameworks/MetalTools.framework/Versions/A/MetalTools
0x00007fff43d42000 	/System/Library/PrivateFrameworks/AggregateDictionary.framework/Versions/A/AggregateDictionary
0x00007fff48961000 	/System/Library/PrivateFrameworks/CoreAnalytics.framework/Versions/A/CoreAnalytics
0x00007fff44eca000 	/System/Library/PrivateFrameworks/AppleSauce.framework/Versions/A/AppleSauce
0x00007fff67e04000 	/usr/lib/libIOReport.dylib
0x00007fff3318d000 	/System/Library/Frameworks/CoreVideo.framework/Versions/A/CoreVideo
0x00007fff53944000 	/System/Library/PrivateFrameworks/GraphVisualizer.framework/Versions/A/GraphVisualizer
0x00007fff4cc94000 	/System/Library/PrivateFrameworks/FaceCore.framework/Versions/A/FaceCore
0x00007fff3a6b1000 	/System/Library/Frameworks/OpenCL.framework/Versions/A/OpenCL
0x00007fff67c26000 	/usr/lib/libFosl_dynamic.dylib
0x00007fff59089000 	/System/Library/PrivateFrameworks/OTSVG.framework/Versions/A/OTSVG
0x00007fff2f342000 	/System/Library/Frameworks/ApplicationServices.framework/Versions/A/Frameworks/ATS.framework/Versions/A/Resources/libFontRegistry.dylib
0x00007fff4d91f000 	/System/Library/PrivateFrameworks/FontServices.framework/libhvf.dylib
0x00007fff3b0a6000 	/System/Library/Frameworks/OpenGL.framework/Versions/A/Libraries/libGFXShared.dylib
0x00007fff3b284000 	/System/Library/Frameworks/OpenGL.framework/Versions/A/Libraries/libGLU.dylib
0x00007fff3b0af000 	/System/Library/Frameworks/OpenGL.framework/Versions/A/Libraries/libGL.dylib
0x00007fff3b0ba000 	/System/Library/Frameworks/OpenGL.framework/Versions/A/Libraries/libGLImage.dylib
0x00007fff3b098000 	/System/Library/Frameworks/OpenGL.framework/Versions/A/Libraries/libCVMSPluginSupport.dylib
0x00007fff3b0a1000 	/System/Library/Frameworks/OpenGL.framework/Versions/A/Libraries/libCoreVMClient.dylib
0x00007fff69898000 	/usr/lib/libncurses.5.4.dylib
0x00007fff2f23e000 	/System/Library/Frameworks/ApplicationServices.framework/Versions/A/Frameworks/ATS.framework/Versions/A/ATS
0x00007fff2f40b000 	/System/Library/Frameworks/ApplicationServices.framework/Versions/A/Frameworks/ColorSyncLegacy.framework/Versions/A/ColorSyncLegacy
0x00007fff2f4a9000 	/System/Library/Frameworks/ApplicationServices.framework/Versions/A/Frameworks/HIServices.framework/Versions/A/HIServices
0x00007fff2f501000 	/System/Library/Frameworks/ApplicationServices.framework/Versions/A/Frameworks/LangAnalysis.framework/Versions/A/LangAnalysis
0x00007fff2f510000 	/System/Library/Frameworks/ApplicationServices.framework/Versions/A/Frameworks/PrintCore.framework/Versions/A/PrintCore
0x00007fff2f556000 	/System/Library/Frameworks/ApplicationServices.framework/Versions/A/Frameworks/QD.framework/Versions/A/QD
0x00007fff2f561000 	/System/Library/Frameworks/ApplicationServices.framework/Versions/A/Frameworks/SpeechSynthesis.framework/Versions/A/SpeechSynthesis
0x00007fff2f3db000 	/System/Library/Frameworks/ApplicationServices.framework/Versions/A/Frameworks/ATSUI.framework/Versions/A/ATSUI
0x00007fff68cdc000 	/usr/lib/libcups.2.dylib
0x00007fff35b27000 	/System/Library/Frameworks/Kerberos.framework/Versions/A/Kerberos
0x00007fff33c69000 	/System/Library/Frameworks/GSS.framework/Versions/A/GSS
0x00007fff6a01b000 	/usr/lib/libresolv.9.dylib
0x00007fff53af1000 	/System/Library/PrivateFrameworks/Heimdal.framework/Versions/A/Heimdal
0x00007fff35b3a000 	/System/Library/Frameworks/Kerberos.framework/Versions/A/Libraries/libHeimdalProxy.dylib
0x00007fff68e83000 	/usr/lib/libheimdal-asn1.dylib
0x00007fff47df9000 	/System/Library/PrivateFrameworks/CommonAuth.framework/Versions/A/CommonAuth
0x00007fff45048000 	/System/Library/PrivateFrameworks/AssertionServices.framework/Versions/A/AssertionServices
0x00007fff45beb000 	/System/Library/PrivateFrameworks/AudioToolboxCore.framework/Versions/A/AudioToolboxCore
0x00007fff64ca1000 	/System/Library/PrivateFrameworks/caulk.framework/Versions/A/caulk
0x00007fff461b4000 	/System/Library/PrivateFrameworks/BaseBoard.framework/Versions/A/BaseBoard
0x00007fff5d2ec000 	/System/Library/PrivateFrameworks/RunningBoardServices.framework/Versions/A/RunningBoardServices
0x00007fff5a2fd000 	/System/Library/PrivateFrameworks/PersistentConnection.framework/Versions/A/PersistentConnection
0x00007fff5cce5000 	/System/Library/PrivateFrameworks/ProtocolBuffer.framework/Versions/A/ProtocolBuffer
0x00007fff47e1d000 	/System/Library/PrivateFrameworks/CommonUtilities.framework/Versions/A/CommonUtilities
0x00007fff46342000 	/System/Library/PrivateFrameworks/Bom.framework/Versions/A/Bom
0x00007fff67ad7000 	/usr/lib/libAudioToolboxUtility.dylib
0x00007fff46112000 	/System/Library/PrivateFrameworks/Backup.framework/Versions/A/Backup
0x00007fff4aeef000 	/System/Library/PrivateFrameworks/CrashReporterSupport.framework/Versions/A/CrashReporterSupport
0x00007fff5ed7e000 	/System/Library/PrivateFrameworks/Sharing.framework/Versions/A/Sharing
0x00007fff44656000 	/System/Library/PrivateFrameworks/Apple80211.framework/Versions/A/Apple80211
0x00007fff45e2f000 	/System/Library/PrivateFrameworks/AuthKit.framework/Versions/A/AuthKit
0x00007fff4abfc000 	/System/Library/PrivateFrameworks/CoreUtils.framework/Versions/A/CoreUtils
0x00007fff331d2000 	/System/Library/Frameworks/CoreWLAN.framework/Versions/A/CoreWLAN
0x00007fff33df6000 	/System/Library/Frameworks/IOBluetooth.framework/Versions/A/IOBluetooth
0x00007fff57eb8000 	/System/Library/PrivateFrameworks/MobileKeyBag.framework/Versions/A/MobileKeyBag
0x00007fff49a01000 	/System/Library/PrivateFrameworks/CorePhoneNumbers.framework/Versions/A/CorePhoneNumbers
0x00007fff44a46000 	/System/Library/PrivateFrameworks/AppleIDAuthSupport.framework/Versions/A/AppleIDAuthSupport
0x00007fff37b28000 	/System/Library/Frameworks/Network.framework/Versions/A/Network
0x00007fff56586000 	/System/Library/PrivateFrameworks/KeychainCircle.framework/Versions/A/KeychainCircle
0x00007fff30c23000 	/System/Library/Frameworks/CoreBluetooth.framework/Versions/A/CoreBluetooth
0x00007fff60dfd000 	/System/Library/PrivateFrameworks/SpeechRecognitionCore.framework/Versions/A/SpeechRecognitionCore
0x0000000105000000 	/Library/Java/JavaVirtualMachines/jdk1.8.0_231.jdk/Contents/Home/jre/lib/server/libjvm.dylib
0x00007fff6a39d000 	/usr/lib/libstdc++.6.dylib
0x000000010372f000 	/Library/Java/JavaVirtualMachines/jdk1.8.0_231.jdk/Contents/Home/jre/lib/libverify.dylib
0x000000010373d000 	/Library/Java/JavaVirtualMachines/jdk1.8.0_231.jdk/Contents/Home/jre/lib/libjava.dylib
0x000000010377c000 	/Library/Java/JavaVirtualMachines/jdk1.8.0_231.jdk/Contents/Home/jre/lib/libzip.dylib
0x00000001091c5000 	/Library/Java/JavaVirtualMachines/jdk1.8.0_231.jdk/Contents/Home/jre/lib/libnio.dylib
0x00000001091d5000 	/Library/Java/JavaVirtualMachines/jdk1.8.0_231.jdk/Contents/Home/jre/lib/libnet.dylib
0x00000001092b6000 	/Library/Java/JavaVirtualMachines/jdk1.8.0_231.jdk/Contents/Home/jre/lib/libawt.dylib
0x000000010935f000 	/Library/Java/JavaVirtualMachines/jdk1.8.0_231.jdk/Contents/Home/jre/lib/libmlib_image.dylib
0x00007fff35b11000 	/System/Library/Frameworks/JavaVM.framework/Versions/A/Frameworks/JavaNativeFoundation.framework/Versions/A/JavaNativeFoundation
0x00007fff35b1a000 	/System/Library/Frameworks/JavaVM.framework/Versions/A/Frameworks/JavaRuntimeSupport.framework/Versions/A/JavaRuntimeSupport
0x00007fff35b22000 	/System/Library/Frameworks/JavaVM.framework/Versions/A/JavaVM
0x00007fff5639d000 	/System/Library/PrivateFrameworks/JavaLaunching.framework/Versions/A/JavaLaunching
0x00007fff2fdf4000 	/System/Library/Frameworks/Carbon.framework/Versions/A/Carbon
0x00007fff4a9a1000 	/System/Library/PrivateFrameworks/CoreSymbolication.framework/Versions/A/CoreSymbolication
0x00007fff2fdf5000 	/System/Library/Frameworks/Carbon.framework/Versions/A/Frameworks/CommonPanels.framework/Versions/A/CommonPanels
0x00007fff300ee000 	/System/Library/Frameworks/Carbon.framework/Versions/A/Frameworks/Help.framework/Versions/A/Help
0x00007fff300f2000 	/System/Library/Frameworks/Carbon.framework/Versions/A/Frameworks/ImageCapture.framework/Versions/A/ImageCapture
0x00007fff300f9000 	/System/Library/Frameworks/Carbon.framework/Versions/A/Frameworks/OpenScripting.framework/Versions/A/OpenScripting
0x00007fff300f8000 	/System/Library/Frameworks/Carbon.framework/Versions/A/Frameworks/Ink.framework/Versions/A/Ink
0x00007fff30134000 	/System/Library/Frameworks/Carbon.framework/Versions/A/Frameworks/Print.framework/Versions/A/Print
0x00007fff30135000 	/System/Library/Frameworks/Carbon.framework/Versions/A/Frameworks/SecurityHI.framework/Versions/A/SecurityHI
0x00007fff4b123000 	/System/Library/PrivateFrameworks/DebugSymbols.framework/Versions/A/DebugSymbols
0x000000010942b000 	/Library/Java/JavaVirtualMachines/jdk1.8.0_231.jdk/Contents/Home/jre/lib/libawt_lwawt.dylib
0x00000001094e6000 	/Library/Java/JavaVirtualMachines/jdk1.8.0_231.jdk/Contents/Home/jre/lib/libosxapp.dylib
0x00007fff336d2000 	/System/Library/Frameworks/ExceptionHandling.framework/Versions/A/ExceptionHandling
0x00007fff4a41a000 	/System/Library/PrivateFrameworks/CoreServicesInternal.framework/Versions/A/CoreServicesInternal
0x00007fff336f1000 	/System/Library/Frameworks/FileProvider.framework/Versions/A/FileProvider
0x00007fff2e284000 	/System/Library/Frameworks/Accounts.framework/Versions/A/Accounts
0x00007fff527f0000 	/System/Library/PrivateFrameworks/GenerationalStorage.framework/Versions/A/GenerationalStorage
0x00007fff6163f000 	/System/Library/PrivateFrameworks/SymptomDiagnosticReporter.framework/Versions/A/SymptomDiagnosticReporter
0x00007fff4415a000 	/System/Library/PrivateFrameworks/AppContainer.framework/Versions/A/AppContainer
0x00007fff6a035000 	/usr/lib/libsandbox.1.dylib
0x00007fff62f97000 	/System/Library/PrivateFrameworks/UserManagement.framework/Versions/A/UserManagement
0x00007fff46efe000 	/System/Library/PrivateFrameworks/ChunkingLibrary.framework/Versions/A/ChunkingLibrary
0x00007fff441cc000 	/System/Library/PrivateFrameworks/AppSandbox.framework/Versions/A/AppSandbox
0x00007fff5ec08000 	/System/Library/PrivateFrameworks/SecCodeWrapper.framework/Versions/A/SecCodeWrapper
0x00007fff67eec000 	/usr/lib/libMatch.1.dylib
0x00007fff2426c000 	/System/Library/CoreServices/RawCamera.bundle/Contents/MacOS/RawCamera
0x00007fff57ce2000 	/System/Library/PrivateFrameworks/MobileAsset.framework/Versions/A/MobileAsset
0x00007fff614e7000 	/System/Library/PrivateFrameworks/StreamingZip.framework/Versions/A/StreamingZip
0x00007fff35fa2000 	/System/Library/Frameworks/MediaToolbox.framework/Versions/A/MediaToolbox
0x00007fff48911000 	/System/Library/PrivateFrameworks/CoreAVCHD.framework/Versions/A/CoreAVCHD
0x00007fff35ecc000 	/System/Library/Frameworks/MediaAccessibility.framework/Versions/A/MediaAccessibility
0x00007fff57096000 	/System/Library/PrivateFrameworks/Mangrove.framework/Versions/A/Mangrove
0x00007fff3239a000 	/System/Library/Frameworks/CoreMedia.framework/Versions/A/CoreMedia
0x00007fff57302000 	/System/Library/PrivateFrameworks/MediaExperience.framework/Versions/A/MediaExperience
0x00007fff3ee78000 	/System/Library/Frameworks/VideoToolbox.framework/Versions/A/VideoToolbox
0x00007fff4853b000 	/System/Library/PrivateFrameworks/CoreAUC.framework/Versions/A/CoreAUC
0x00007fff6a08d000 	/usr/lib/libspindump.dylib
0x00007fff4559a000 	/System/Library/PrivateFrameworks/AudioResourceArbitration.framework/Versions/A/AudioResourceArbitration
0x00007fff44faf000 	/System/Library/PrivateFrameworks/AppleVA.framework/Versions/A/AppleVA
0x00007fff2ce02000 	/System/Library/Frameworks/Accelerate.framework/Versions/A/Frameworks/vImage.framework/Versions/A/Libraries/libCGInterfaces.dylib
0x000000010ad6a000 	/usr/lib/libobjc-trampolines.dylib
0x00007fff4d886000 	/System/Library/PrivateFrameworks/FontServices.framework/libTrueTypeScaler.dylib
0x00007fff244bc000 	/System/Library/Extensions/AMDMTLBronzeDriver.bundle/Contents/MacOS/AMDMTLBronzeDriver
0x00007fff55d2b000 	/System/Library/PrivateFrameworks/IOAccelMemoryInfo.framework/Versions/A/IOAccelMemoryInfo
0x00007fff29b7a000 	/System/Library/Extensions/AppleIntelKBLGraphicsMTLDriver.bundle/Contents/MacOS/AppleIntelKBLGraphicsMTLDriver
0x00007fff50e10000 	/System/Library/PrivateFrameworks/GPUCompiler.framework/Versions/3902/Libraries/libmetal_timestamp.dylib
0x00007fff4d0be000 	/System/Library/PrivateFrameworks/FamilyControls.framework/Versions/A/FamilyControls
0x00007fff47ded000 	/System/Library/PrivateFrameworks/CommerceKit.framework/Versions/A/Frameworks/CommerceCore.framework/Versions/A/CommerceCore
0x00007fff616b9000 	/System/Library/PrivateFrameworks/SystemAdministration.framework/Versions/A/SystemAdministration
0x00007fff4b64b000 	/System/Library/PrivateFrameworks/DiskManagement.framework/Versions/A/DiskManagement
0x00007fff3341b000 	/System/Library/Frameworks/DirectoryService.framework/Versions/A/DirectoryService
0x00007fff4b582000 	/System/Library/PrivateFrameworks/DiskImages.framework/Versions/A/DiskImages
0x00007fff568a1000 	/System/Library/PrivateFrameworks/LoginUIKit.framework/Versions/A/Frameworks/LoginUICore.framework/Versions/A/LoginUICore
0x00007fff67b53000 	/usr/lib/libCoreStorage.dylib
0x00007fff68cc9000 	/usr/lib/libcsfde.dylib
0x00007fff69f48000 	/usr/lib/libodfde.dylib
0x00007fff5738d000 	/System/Library/PrivateFrameworks/MediaKit.framework/Versions/A/MediaKit
0x00007fff33427000 	/System/Library/Frameworks/DiscRecording.framework/Versions/A/DiscRecording
0x00007fff4b801000 	/System/Library/PrivateFrameworks/EFILogin.framework/Versions/A/EFILogin
0x00007fff5cc8a000 	/System/Library/PrivateFrameworks/ProtectedCloudStorage.framework/Versions/A/ProtectedCloudStorage
0x00007fff68d3d000 	/usr/lib/libcurl.4.dylib
0x00007fff68bc2000 	/usr/lib/libcrypto.44.dylib
0x00007fff6a36d000 	/usr/lib/libssl.46.dylib
0x00007fff35b3b000 	/System/Library/Frameworks/LDAP.framework/Versions/A/LDAP
0x00007fff62091000 	/System/Library/PrivateFrameworks/TrustEvaluationAgent.framework/Versions/A/TrustEvaluationAgent
0x00007fff6a07a000 	/usr/lib/libsasl2.2.dylib
0x00007fff48c8d000 	/System/Library/PrivateFrameworks/CoreDaemon.framework/Versions/B/CoreDaemon
0x00007fff44ec5000 	/System/Library/PrivateFrameworks/AppleSRP.framework/Versions/A/AppleSRP
0x00007fff63d63000 	/System/Library/PrivateFrameworks/ViewBridge.framework/Versions/A/ViewBridge
0x00007fff64ff4000 	/System/Library/PrivateFrameworks/login.framework/Versions/A/login
0x00007fff3bd0c000 	/System/Library/Frameworks/OpenGL.framework/Versions/A/Resources/GLEngine.bundle/GLEngine
0x00007fff3b0ef000 	/System/Library/Frameworks/OpenGL.framework/Versions/A/Libraries/libGLProgrammability.dylib
0x00007fff28b72000 	/System/Library/Extensions/AppleIntelKBLGraphicsGLDriver.bundle/Contents/MacOS/AppleIntelKBLGraphicsGLDriver
0x00007fff524bf000 	/System/Library/PrivateFrameworks/GPUSupport.framework/Versions/A/Libraries/libGPUSupportMercury.dylib
0x000000011b0d5000 	/System/Library/Extensions/AMDRadeonX4000GLDriver.bundle/Contents/MacOS/AMDRadeonX4000GLDriver
0x00007fff245eb000 	/System/Library/Extensions/AMDRadeonX4000GLDriver.bundle/Contents/MacOS/ATIRadeonX4000SCLib.dylib
0x00007fff25afb000 	/System/Library/Extensions/AMDShared.bundle/Contents/PlugIns/libSC.dylib
0x00007fff3be86000 	/System/Library/Frameworks/OpenGL.framework/Versions/A/Resources/GLRendererFloat.bundle/GLRendererFloat
0x00007fff3a6a8000 	/System/Library/Frameworks/OpenCL.framework/Versions/A/Libraries/libcldcpuengine.dylib
0x000000011b4e3000 	/Library/Java/JavaVirtualMachines/jdk1.8.0_231.jdk/Contents/Home/jre/lib/libsplashscreen.dylib
0x000000011b53b000 	/Library/Java/JavaVirtualMachines/jdk1.8.0_231.jdk/Contents/Home/jre/lib/libfontmanager.dylib
0x000000011b5a3000 	/Library/Java/JavaVirtualMachines/jdk1.8.0_231.jdk/Contents/Home/jre/lib/libosxui.dylib
0x00007fff53970000 	/System/Library/PrivateFrameworks/HDRProcessing.framework/Versions/A/HDRProcessing
0x000000011e08a000 	/Library/Java/JavaVirtualMachines/jdk1.8.0_231.jdk/Contents/Home/jre/lib/libdcpr.dylib
0x000000011e0b8000 	/Library/Java/JavaVirtualMachines/jdk1.8.0_231.jdk/Contents/Home/jre/lib/libmanagement.dylib
0x00007fff470a8000 	/System/Library/PrivateFrameworks/CloudDocs.framework/Versions/A/CloudDocs
0x00007fff60ecd000 	/System/Library/PrivateFrameworks/SpotlightIndex.framework/Versions/A/SpotlightIndex
0x00007fff5bdfb000 	/System/Library/PrivateFrameworks/PowerLog.framework/Versions/A/PowerLog
0x000000011ca58000 	/Library/Java/JavaVirtualMachines/jdk1.8.0_231.jdk/Contents/Home/jre/lib/libattach.dylib

VM Arguments:
jvm_args: -Djdk.home=/Users/zimian.xu/.jenv/versions/1.8 -Dnetbeans.default_userdir_root=/Users/zimian.xu/Library/Application Support/VisualVM -Dnetbeans.dirs=/Users/zimian.xu/.jenv/versions/1.8/lib/visualvm/visualvm:/Users/zimian.xu/.jenv/versions/1.8/lib/visualvm/profiler: -Dnetbeans.home=/Users/zimian.xu/.jenv/versions/1.8/lib/visualvm/platform -Xms24m -Xmx256m -Dsun.jvmstat.perdata.syncWaitMs=10000 -Dsun.java2d.noddraw=true -Dsun.java2d.d3d=false -Dnetbeans.keyring.no.master=true -Dplugin.manager.install.global=false --add-exports=java.desktop/sun.awt=ALL-UNNAMED --add-exports=jdk.jvmstat/sun.jvmstat.monitor.event=ALL-UNNAMED --add-exports=jdk.jvmstat/sun.jvmstat.monitor=ALL-UNNAMED --add-exports=java.desktop/sun.swing=ALL-UNNAMED --add-exports=jdk.attach/sun.tools.attach=ALL-UNNAMED --add-modules=java.activation -XX:+IgnoreUnrecognizedVMOptions -XX:+HeapDumpOnOutOfMemoryError -XX:HeapDumpPath=/Users/zimian.xu/Library/Application Support/VisualVM/8u131/var/log/heapdump.hprof 
java_command: org.netbeans.Main --cachedir /Users/zimian.xu/Library/Caches/VisualVM/8u131 --userdir /Users/zimian.xu/Library/Application Support/VisualVM/8u131 --branding visualvm
java_class_path (initial): /Users/zimian.xu/.jenv/versions/1.8/lib/visualvm/platform/lib/boot.jar:/Users/zimian.xu/.jenv/versions/1.8/lib/visualvm/platform/lib/org-openide-modules.jar:/Users/zimian.xu/.jenv/versions/1.8/lib/visualvm/platform/lib/org-openide-util-lookup.jar:/Users/zimian.xu/.jenv/versions/1.8/lib/visualvm/platform/lib/org-openide-util.jar:/Users/zimian.xu/.jenv/versions/1.8/lib/visualvm/platform/lib/locale/boot_ja.jar:/Users/zimian.xu/.jenv/versions/1.8/lib/visualvm/platform/lib/locale/boot_zh_CN.jar:/Users/zimian.xu/.jenv/versions/1.8/lib/visualvm/platform/lib/locale/org-openide-modules_ja.jar:/Users/zimian.xu/.jenv/versions/1.8/lib/visualvm/platform/lib/locale/org-openide-modules_zh_CN.jar:/Users/zimian.xu/.jenv/versions/1.8/lib/visualvm/platform/lib/locale/org-openide-util-lookup_ja.jar:/Users/zimian.xu/.jenv/versions/1.8/lib/visualvm/platform/lib/locale/org-openide-util-lookup_zh_CN.jar:/Users/zimian.xu/.jenv/versions/1.8/lib/visualvm/platform/lib/locale/org-openide-util_ja.jar:/Users/zimian.xu/.jenv/versions/1.8/lib/visualvm/platform/lib/locale/org-openide-util_zh_CN.jar:/Users/zimian.xu/.jenv/versions/1.8/lib/dt.jar:/Users/zimian.xu/.jenv/versions/1.8/lib/tools.jar
Launcher Type: SUN_STANDARD

Environment Variables:
PATH=/Users/zimian.xu/.nvm/versions/node/v10.19.0/bin:/Users/zimian.xu/.jenv/shims:/usr/local/bin:/usr/bin:/bin:/usr/sbin:/sbin:/Library/Apple/usr/bin
LD_LIBRARY_PATH=/Users/zimian.xu/.jenv/versions/1.8/jre/lib/amd64:/Users/zimian.xu/.jenv/versions/1.8/jre/lib/i386:
SHELL=/bin/zsh

Signal Handlers:
SIGSEGV: [libjvm.dylib+0x5b7e2b], sa_mask[0]=11111111011111110111111111111111, sa_flags=SA_ONSTACK|SA_RESTART|SA_SIGINFO
SIGBUS: [libjvm.dylib+0x5b7e2b], sa_mask[0]=11111111011111110111111111111111, sa_flags=SA_RESTART|SA_SIGINFO
SIGFPE: [libjvm.dylib+0x48c6ec], sa_mask[0]=11111111011111110111111111111111, sa_flags=SA_RESTART|SA_SIGINFO
SIGPIPE: [libjvm.dylib+0x48c6ec], sa_mask[0]=11111111011111110111111111111111, sa_flags=SA_RESTART|SA_SIGINFO
SIGXFSZ: [libjvm.dylib+0x48c6ec], sa_mask[0]=11111111011111110111111111111111, sa_flags=SA_RESTART|SA_SIGINFO
SIGILL: [libjvm.dylib+0x48c6ec], sa_mask[0]=11111111011111110111111111111111, sa_flags=SA_RESTART|SA_SIGINFO
SIGUSR1: SIG_DFL, sa_mask[0]=00000000000000000000000000000000, sa_flags=SA_RESTART
SIGUSR2: [libjvm.dylib+0x48c20a], sa_mask[0]=00000000000000000000000000000000, sa_flags=SA_RESTART|SA_SIGINFO
SIGHUP: [libjvm.dylib+0x48a795], sa_mask[0]=11111111011111110111111111111111, sa_flags=SA_RESTART|SA_SIGINFO
SIGINT: SIG_IGN, sa_mask[0]=00000000000000000000000000000000, sa_flags=none
SIGTERM: [libjvm.dylib+0x48a795], sa_mask[0]=11111111011111110111111111111111, sa_flags=SA_RESTART|SA_SIGINFO
SIGQUIT: [libjvm.dylib+0x48a795], sa_mask[0]=11111111011111110111111111111111, sa_flags=SA_RESTART|SA_SIGINFO


---------------  S Y S T E M  ---------------

OS:Bsduname:Darwin 19.6.0 Darwin Kernel Version 19.6.0: Sun Jul  5 00:43:10 PDT 2020; root:xnu-6153.141.1~9/RELEASE_X86_64 x86_64
rlimit: STACK 8192k, CORE 0k, NPROC 2784, NOFILE 10240, AS infinity
load average:2.97 2.21 1.84

CPU:total 12 (initial active 12) (6 cores per cpu, 2 threads per core) family 6 model 158 stepping 10, cmov, cx8, fxsr, mmx, sse, sse2, sse3, ssse3, sse4.1, sse4.2, popcnt, avx, avx2, aes, clmul, erms, 3dnowpref, lzcnt, ht, tsc, tscinvbit, bmi1, bmi2, adx

Memory: 4k page, physical 16777216k(77900k free)

/proc/meminfo:


vm_info: Java HotSpot(TM) 64-Bit Server VM (25.231-b11) for bsd-amd64 JRE (1.8.0_231-b11), built on Oct  5 2019 03:15:25 by "java_re" with gcc 4.2.1 (Based on Apple Inc. build 5658) (LLVM build 2336.11.00)

time: Tue Jul 27 17:21:51 2021
timezone: CST
elapsed time: 42471 seconds (0d 11h 47m 51s)

